2020-06-02 11:08:52,778  INFO [main] BaseClass:17 - Username Entered
 2020-06-02 11:08:53,533  INFO [main] BaseClass:19 - Password Entered
 2020-06-02 13:00:09,393  INFO [main] BaseClass:17 - Username Entered
 2020-06-02 13:00:09,549  INFO [main] BaseClass:19 - Password Entered
 2020-06-02 14:12:07,669  INFO [main] BaseClass:17 - Username Entered
 2020-06-02 14:12:08,649  INFO [main] BaseClass:19 - Password Entered
 2020-06-02 14:32:10,527  INFO [main] BaseClass:17 - Username Entered
 2020-06-02 14:32:11,138  INFO [main] BaseClass:19 - Password Entered
 2020-06-03 09:52:28,510  INFO [main] BaseClass:18 - Username Entered
 2020-06-03 09:52:29,140  INFO [main] BaseClass:20 - Password Entered
 2020-06-03 09:57:15,502  INFO [main] BaseClass:18 - Username Entered
 2020-06-03 09:57:16,225  INFO [main] BaseClass:20 - Password Entered
 2020-06-03 09:59:05,513  INFO [main] BaseClass:18 - Username Entered
 2020-06-03 09:59:06,267  INFO [main] BaseClass:20 - Password Entered
 2020-06-03 09:59:07,072  INFO [main] BaseClass:29 - wrong title
 2020-06-03 10:04:53,511  INFO [main] BaseClass:18 - Username Entered
 2020-06-03 10:04:54,140  INFO [main] BaseClass:20 - Password Entered
 2020-06-03 10:04:56,202  INFO [main] BaseClass:29 - wrong title
 2020-06-03 10:05:45,692  INFO [main] BaseClass:18 - Username Entered
 2020-06-03 10:05:46,310  INFO [main] BaseClass:20 - Password Entered
 2020-06-03 10:05:48,725  INFO [main] BaseClass:29 - wrong title
 2020-06-03 10:07:15,127  INFO [main] BaseClass:18 - Username Entered
 2020-06-03 10:07:15,814  INFO [main] BaseClass:20 - Password Entered
 2020-06-03 10:07:18,015  INFO [main] BaseClass:29 - wrong title
 2020-06-03 10:08:12,175  INFO [main] BaseClass:18 - Username Entered
 2020-06-03 10:08:12,798  INFO [main] BaseClass:20 - Password Entered
 2020-06-03 10:08:14,876  INFO [main] BaseClass:29 - wrong title
 2020-06-03 10:09:14,109  INFO [main] BaseClass:18 - Username Entered
 2020-06-03 10:09:14,800  INFO [main] BaseClass:20 - Password Entered
 2020-06-03 10:09:17,034  INFO [main] BaseClass:29 - wrong title
 2020-06-03 15:06:15,280  INFO [main] BaseClass:18 - Username Entered
 2020-06-03 15:06:15,965  INFO [main] BaseClass:20 - Password Entered
 2020-06-03 15:06:18,425  INFO [main] BaseClass:29 - wrong title
 2020-06-03 15:09:45,415  INFO [main] BaseClass:18 - Username Entered
 2020-06-03 15:09:46,089  INFO [main] BaseClass:20 - Password Entered
 2020-06-03 15:09:47,991  INFO [main] BaseClass:29 - wrong title
 2020-06-03 15:13:14,495  INFO [main] BaseClass:18 - Username Entered
 2020-06-03 15:13:15,210  INFO [main] BaseClass:20 - Password Entered
 2020-06-03 15:15:16,182  INFO [main] BaseClass:18 - Username Entered
 2020-06-03 15:15:16,921  INFO [main] BaseClass:20 - Password Entered
 2020-06-03 15:15:19,038  INFO [main] BaseClass:26 - Correct title
 2020-06-03 15:16:35,886  INFO [main] BaseClass:18 - Username Entered
 2020-06-03 15:16:36,666  INFO [main] BaseClass:20 - Password Entered
 2020-06-03 15:16:39,090  INFO [main] BaseClass:26 - Correct title
 2020-06-03 18:39:38,804  INFO [main] BaseClass:18 - Username Entered
 2020-06-03 18:39:39,453  INFO [main] BaseClass:20 - Password Entered
 2020-06-03 18:39:42,180  INFO [main] BaseClass:26 - Correct title
 2020-06-03 18:42:49,551  INFO [main] BaseClass:18 - Username Entered
 2020-06-03 18:42:50,224  INFO [main] BaseClass:20 - Password Entered
 2020-06-03 18:42:51,278  INFO [main] BaseClass:30 - wrong title
 2020-06-03 18:49:50,754  INFO [main] BaseClass:18 - Username Entered
 2020-06-03 18:49:51,554  INFO [main] BaseClass:20 - Password Entered
 2020-06-03 18:49:54,707  INFO [main] BaseClass:26 - Correct title
 2020-06-03 20:39:51,224  INFO [main] BaseClass:18 - Username Entered
 2020-06-03 20:39:52,299  INFO [main] BaseClass:20 - Password Entered
 2020-06-03 20:39:55,119  INFO [main] BaseClass:26 - Correct title
 2020-06-04 10:14:55,880  INFO [main] BaseClass:18 - Username Entered
 2020-06-04 10:14:56,236  INFO [main] BaseClass:20 - Password Entered
 2020-06-04 10:14:58,224  INFO [main] BaseClass:26 - Correct title
 2020-06-04 12:43:01,851  INFO [main] BaseClass:18 - Username Entered
 2020-06-04 12:43:02,264  INFO [main] BaseClass:20 - Password Entered
 2020-06-04 12:43:04,311  INFO [main] BaseClass:26 - Correct title
 2020-06-04 12:45:46,967  INFO [main] BaseClass:18 - Username Entered
 2020-06-04 12:45:47,327  INFO [main] BaseClass:20 - Password Entered
 2020-06-04 12:45:49,155  INFO [main] BaseClass:26 - Correct title
 